2020-10-08T22:48:03.817522+00:00 app[api]: Initial release by user thallesa97@gmail.com
2020-10-08T22:48:03.817522+00:00 app[api]: Release v1 created by user thallesa97@gmail.com
2020-10-08T22:48:03.916111+00:00 app[api]: Enable Logplex by user thallesa97@gmail.com
2020-10-08T22:48:03.916111+00:00 app[api]: Release v2 created by user thallesa97@gmail.com
2020-10-08T22:48:16.000000+00:00 app[api]: Build started by user thallesa97@gmail.com
2020-10-08T22:48:41.877902+00:00 app[api]: Deploy 1f5009a0 by user thallesa97@gmail.com
2020-10-08T22:48:41.877902+00:00 app[api]: Release v3 created by user thallesa97@gmail.com
2020-10-08T22:48:41.894642+00:00 app[api]: Scaled to web@1:Free by user thallesa97@gmail.com
2020-10-08T22:48:45.098949+00:00 heroku[web.1]: Starting process with command `python msg.py`
2020-10-08T22:48:47.573696+00:00 app[web.1]: Traceback (most recent call last):
2020-10-08T22:48:47.573711+00:00 app[web.1]: File "msg.py", line 5, in <module>
2020-10-08T22:48:47.573859+00:00 app[web.1]: app = Flask(_name_)
2020-10-08T22:48:47.573935+00:00 app[web.1]: NameError: name '_name_' is not defined
2020-10-08T22:48:47.646136+00:00 heroku[web.1]: Process exited with status 1
2020-10-08T22:48:47.707462+00:00 heroku[web.1]: State changed from starting to crashed
2020-10-08T22:48:47.710230+00:00 heroku[web.1]: State changed from crashed to starting
2020-10-08T22:48:51.000000+00:00 app[api]: Build succeeded
2020-10-08T22:48:51.762780+00:00 heroku[web.1]: Starting process with command `python msg.py`
2020-10-08T22:48:54.973525+00:00 app[web.1]: Traceback (most recent call last):
2020-10-08T22:48:54.973644+00:00 app[web.1]: File "msg.py", line 5, in <module>
2020-10-08T22:48:54.974073+00:00 app[web.1]: app = Flask(_name_)
2020-10-08T22:48:54.974224+00:00 app[web.1]: NameError: name '_name_' is not defined
2020-10-08T22:48:55.082969+00:00 heroku[web.1]: Process exited with status 1
2020-10-08T22:48:55.128656+00:00 heroku[web.1]: State changed from starting to crashed
2020-10-08T22:48:59.803346+00:00 heroku[router]: at=error code=H10 desc="App crashed" method=GET path="/" host=ac3ads23devops.herokuapp.com request_id=71a1c3d5-e079-4086-a48f-6bca10a0e014 fwd="179.212.91.148" dyno= connect= service= status=503 bytes= protocol=https
2020-10-08T22:49:01.540032+00:00 heroku[router]: at=error code=H10 desc="App crashed" method=GET path="/favicon.ico" host=ac3ads23devops.herokuapp.com request_id=07fb24d0-6505-485c-8c3f-2c0d9e73121c fwd="179.212.91.148" dyno= connect= service= status=503 bytes= protocol=https
2020-10-08T22:53:42.000000+00:00 app[api]: Build started by user thallesa97@gmail.com
2020-10-08T22:54:05.070092+00:00 app[api]: Deploy d81d65a8 by user thallesa97@gmail.com
2020-10-08T22:54:05.070092+00:00 app[api]: Release v4 created by user thallesa97@gmail.com
2020-10-08T22:54:05.259383+00:00 heroku[web.1]: State changed from crashed to starting
2020-10-08T22:54:10.094225+00:00 heroku[web.1]: Starting process with command `python msg.py`
2020-10-08T22:54:13.000000+00:00 app[api]: Build succeeded
2020-10-08T22:54:13.878559+00:00 app[web.1]: * Serving Flask app "msg" (lazy loading)
2020-10-08T22:54:13.878578+00:00 app[web.1]: * Environment: production
2020-10-08T22:54:13.878663+00:00 app[web.1]: WARNING: Do not use the development server in a production environment.
2020-10-08T22:54:13.878732+00:00 app[web.1]: Use a production WSGI server instead.
2020-10-08T22:54:13.878801+00:00 app[web.1]: * Debug mode: off
2020-10-08T22:54:13.914635+00:00 app[web.1]: * Running on http://0.0.0.0:14930/ (Press CTRL+C to quit)
2020-10-08T22:54:14.375691+00:00 heroku[web.1]: State changed from starting to up
2020-10-08T22:54:30.609475+00:00 app[web.1]: 10.9.216.41 - - [08/Oct/2020 22:54:30] "GET / HTTP/1.1" 200 -
2020-10-08T22:54:30.622351+00:00 heroku[router]: at=info method=GET path="/" host=ac3ads23devops.herokuapp.com request_id=9b80c05e-33d3-4824-991d-733f7d759393 fwd="179.212.91.148" dyno=web.1 connect=1ms service=13ms status=200 bytes=566 protocol=https
2020-10-08T22:54:31.065907+00:00 app[web.1]: 10.9.216.41 - - [08/Oct/2020 22:54:31] "GET /favicon.ico HTTP/1.1" 404 -
2020-10-08T22:54:31.072289+00:00 heroku[router]: at=info method=GET path="/favicon.ico" host=ac3ads23devops.herokuapp.com request_id=879ff808-265d-46af-9a7b-8da0cd8aa0af fwd="179.212.91.148" dyno=web.1 connect=1ms service=32ms status=404 bytes=379 protocol=https
